
Showing logs for build [32msalaboy-environment-jx-salaboy-7nzxs-1[0m stage [32mfrom-build-pack[0m and container [32mcredential-initializer[0m
{"level":"info","ts":1595836007.3198366,"caller":"creds-init/main.go:44","msg":"Credentials initialized."}

Showing logs for build [32msalaboy-environment-jx-salaboy-7nzxs-1[0m stage [32mfrom-build-pack[0m and container [32mworking-dir-initializer[0m

Showing logs for build [32msalaboy-environment-jx-salaboy-7nzxs-1[0m stage [32mfrom-build-pack[0m and container [32mplace-tools[0m

Showing logs for build [32msalaboy-environment-jx-salaboy-7nzxs-1[0m stage [32mfrom-build-pack[0m and container [32mstep-git-source-salaboy-environment-jx-salaboy-7nzxs-k2bx6[0m
{"level":"info","ts":1595836015.6266384,"caller":"git/git.go:105","msg":"Successfully cloned https://github.com/*******/environment-**-*******-production.git @ v0.0.1 in path /workspace/source"}
{"level":"warn","ts":1595836015.626733,"caller":"git/git.go:152","msg":"Unexpected error: creating symlink: symlink /tekton/home/.ssh /root/.ssh: file exists"}
{"level":"info","ts":1595836015.6645832,"caller":"git/git.go:133","msg":"Successfully initialized and updated submodules in path /workspace/source"}

Showing logs for build [32msalaboy-environment-jx-salaboy-7nzxs-1[0m stage [32mfrom-build-pack[0m and container [32mstep-setup-builder-home[0m

Showing logs for build [32msalaboy-environment-jx-salaboy-7nzxs-1[0m stage [32mfrom-build-pack[0m and container [32mstep-git-merge[0m
Using SHAs from PULL_REFS=master:e28ef6e85752f1483ec55448dc50024a68f94f44
WARNING: no SHAs to merge, falling back to initial cloned commit

Showing logs for build [32msalaboy-environment-jx-salaboy-7nzxs-1[0m stage [32mfrom-build-pack[0m and container [32mstep-setup-jx-git-credentials[0m
Generated Git credentials file /tekton/home/git/credentials

Showing logs for build [32msalaboy-environment-jx-salaboy-7nzxs-1[0m stage [32mfrom-build-pack[0m and container [32mstep-build-helm-apply[0m
Modified file /workspace/source/env/Chart.yaml to set the chart to version 1
Namespace **-production created 
creating the lock configmap **-lock-**-production
lock configmap **-lock-**-production created
Ignoring templates/.gitignore
Ignoring templates/wildcardcert-secret.yaml
WARNING: No $CHART_REPOSITORY defined so using the default value of: http://jenkins-x-chartmuseum:8080
Adding missing Helm repo: storage.googleapis.com https://storage.googleapis.com/chartmuseum.jenkins-x.io
Successfully added Helm repository storage.googleapis.com.
Adding missing Helm repo: jenkins-x-chartmuseum http://jenkins-x-chartmuseum:8080
Successfully added Helm repository jenkins-x-chartmuseum.
WARNING: No $CHART_REPOSITORY defined so using the default value of: http://jenkins-x-chartmuseum:8080
Adding missing Helm repo: chartmuseum.jenkins-x.io http://chartmuseum.jenkins-x.io
Successfully added Helm repository chartmuseum.jenkins-x.io.

cleaning the lock configmap **-lock-**-production
